Compiled jquery.js  (1ms)  (pid 2923)
Compiled jquery_ujs.js  (0ms)  (pid 2923)
Compiled jquery.ui.core.js  (0ms)  (pid 2923)
Compiled jquery.ui.widget.js  (0ms)  (pid 2923)
Compiled jquery.ui.accordion.js  (7ms)  (pid 2923)
Compiled jquery.ui.position.js  (0ms)  (pid 2923)
Compiled jquery.ui.menu.js  (5ms)  (pid 2923)
Compiled jquery.ui.autocomplete.js  (11ms)  (pid 2923)
Compiled jquery.ui.button.js  (1ms)  (pid 2923)
Compiled jquery.ui.datepicker.js  (1ms)  (pid 2923)
Compiled jquery.ui.mouse.js  (1ms)  (pid 2923)
Compiled jquery.ui.draggable.js  (7ms)  (pid 2923)
Compiled jquery.ui.resizable.js  (2ms)  (pid 2923)
Compiled jquery.ui.dialog.js  (20ms)  (pid 2923)
Compiled jquery.ui.droppable.js  (3ms)  (pid 2923)
Compiled jquery.ui.effect.js  (0ms)  (pid 2923)
Compiled jquery.ui.effect-blind.js  (18ms)  (pid 2923)
Compiled jquery.ui.effect-bounce.js  (1ms)  (pid 2923)
Compiled jquery.ui.effect-clip.js  (1ms)  (pid 2923)
Compiled jquery.ui.effect-drop.js  (1ms)  (pid 2923)
Compiled jquery.ui.effect-explode.js  (1ms)  (pid 2923)
Compiled jquery.ui.effect-fade.js  (1ms)  (pid 2923)
Compiled jquery.ui.effect-fold.js  (1ms)  (pid 2923)
Compiled jquery.ui.effect-highlight.js  (1ms)  (pid 2923)
Compiled jquery.ui.effect-pulsate.js  (1ms)  (pid 2923)
Compiled jquery.ui.effect-scale.js  (1ms)  (pid 2923)
Compiled jquery.ui.effect-shake.js  (1ms)  (pid 2923)
Compiled jquery.ui.effect-slide.js  (1ms)  (pid 2923)
Compiled jquery.ui.effect-transfer.js  (1ms)  (pid 2923)
Compiled jquery.ui.progressbar.js  (1ms)  (pid 2923)
Compiled jquery.ui.selectable.js  (2ms)  (pid 2923)
Compiled jquery.ui.slider.js  (2ms)  (pid 2923)
Compiled jquery.ui.sortable.js  (2ms)  (pid 2923)
Compiled jquery.ui.spinner.js  (2ms)  (pid 2923)
Compiled jquery.ui.tabs.js  (2ms)  (pid 2923)
Compiled jquery.ui.tooltip.js  (2ms)  (pid 2923)
Compiled jquery.ui.all.js  (245ms)  (pid 2923)
Compiled bootstrap-transition.js  (0ms)  (pid 2923)
Compiled bootstrap-affix.js  (0ms)  (pid 2923)
Compiled bootstrap-alert.js  (0ms)  (pid 2923)
Compiled bootstrap-button.js  (0ms)  (pid 2923)
Compiled bootstrap-carousel.js  (0ms)  (pid 2923)
Compiled bootstrap-collapse.js  (0ms)  (pid 2923)
Compiled bootstrap-dropdown.js  (0ms)  (pid 2923)
Compiled bootstrap-modal.js  (0ms)  (pid 2923)
Compiled bootstrap-scrollspy.js  (0ms)  (pid 2923)
Compiled bootstrap-tab.js  (0ms)  (pid 2923)
Compiled bootstrap-tooltip.js  (0ms)  (pid 2923)
Compiled bootstrap-popover.js  (0ms)  (pid 2923)
Compiled bootstrap-typeahead.js  (0ms)  (pid 2923)
Compiled bootstrap.js  (68ms)  (pid 2923)
Compiled cartuchos.js  (285ms)  (pid 2923)
Compiled historials.js  (68ms)  (pid 2923)
Compiled static.js  (67ms)  (pid 2923)
Compiled application.js  (767ms)  (pid 2923)
Compiled jquery.ui.core.css  (0ms)  (pid 2923)
Compiled jquery.ui.theme.css  (95ms)  (pid 2923)
Compiled jquery.ui.accordion.css  (101ms)  (pid 2923)
Compiled jquery.ui.menu.css  (2ms)  (pid 2923)
Compiled jquery.ui.autocomplete.css  (8ms)  (pid 2923)
Compiled jquery.ui.button.css  (2ms)  (pid 2923)
Compiled jquery.ui.datepicker.css  (3ms)  (pid 2923)
Compiled jquery.ui.resizable.css  (2ms)  (pid 2923)
Compiled jquery.ui.dialog.css  (9ms)  (pid 2923)
Compiled jquery.ui.progressbar.css  (2ms)  (pid 2923)
Compiled jquery.ui.selectable.css  (2ms)  (pid 2923)
Compiled jquery.ui.slider.css  (2ms)  (pid 2923)
Compiled jquery.ui.spinner.css  (3ms)  (pid 2923)
Compiled jquery.ui.tabs.css  (2ms)  (pid 2923)
Compiled jquery.ui.tooltip.css  (2ms)  (pid 2923)
Compiled jquery.ui.base.css  (213ms)  (pid 2923)
Compiled jquery.ui.all.css  (218ms)  (pid 2923)
Compiled cartuchos.css  (0ms)  (pid 2923)
Compiled historials.css  (0ms)  (pid 2923)
Compiled scaffolds.css  (7ms)  (pid 2923)
Compiled static.css  (0ms)  (pid 2923)
Compiled application.css  (1680ms)  (pid 2923)
Compiled jquery.js  (1ms)  (pid 2923)
Compiled jquery_ujs.js  (0ms)  (pid 2923)
Compiled jquery.ui.core.js  (0ms)  (pid 2923)
Compiled jquery.ui.widget.js  (0ms)  (pid 2923)
Compiled jquery.ui.accordion.js  (21ms)  (pid 2923)
Compiled jquery.ui.position.js  (0ms)  (pid 2923)
Compiled jquery.ui.menu.js  (5ms)  (pid 2923)
Compiled jquery.ui.autocomplete.js  (12ms)  (pid 2923)
Compiled jquery.ui.button.js  (1ms)  (pid 2923)
Compiled jquery.ui.datepicker.js  (1ms)  (pid 2923)
Compiled jquery.ui.mouse.js  (1ms)  (pid 2923)
Compiled jquery.ui.draggable.js  (7ms)  (pid 2923)
Compiled jquery.ui.resizable.js  (2ms)  (pid 2923)
Compiled jquery.ui.dialog.js  (19ms)  (pid 2923)
Compiled jquery.ui.droppable.js  (3ms)  (pid 2923)
Compiled jquery.ui.effect.js  (0ms)  (pid 2923)
Compiled jquery.ui.effect-blind.js  (3ms)  (pid 2923)
Compiled jquery.ui.effect-bounce.js  (1ms)  (pid 2923)
Compiled jquery.ui.effect-clip.js  (0ms)  (pid 2923)
Compiled jquery.ui.effect-drop.js  (1ms)  (pid 2923)
Compiled jquery.ui.effect-explode.js  (0ms)  (pid 2923)
Compiled jquery.ui.effect-fade.js  (0ms)  (pid 2923)
Compiled jquery.ui.effect-fold.js  (0ms)  (pid 2923)
Compiled jquery.ui.effect-highlight.js  (0ms)  (pid 2923)
Compiled jquery.ui.effect-pulsate.js  (1ms)  (pid 2923)
Compiled jquery.ui.effect-scale.js  (1ms)  (pid 2923)
Compiled jquery.ui.effect-shake.js  (1ms)  (pid 2923)
Compiled jquery.ui.effect-slide.js  (1ms)  (pid 2923)
Compiled jquery.ui.effect-transfer.js  (0ms)  (pid 2923)
Compiled jquery.ui.progressbar.js  (1ms)  (pid 2923)
Compiled jquery.ui.selectable.js  (2ms)  (pid 2923)
Compiled jquery.ui.slider.js  (2ms)  (pid 2923)
Compiled jquery.ui.sortable.js  (2ms)  (pid 2923)
Compiled jquery.ui.spinner.js  (2ms)  (pid 2923)
Compiled jquery.ui.tabs.js  (1ms)  (pid 2923)
Compiled jquery.ui.tooltip.js  (2ms)  (pid 2923)
Compiled jquery.ui.all.js  (237ms)  (pid 2923)
Compiled bootstrap-transition.js  (0ms)  (pid 2923)
Compiled bootstrap-affix.js  (0ms)  (pid 2923)
Compiled bootstrap-alert.js  (0ms)  (pid 2923)
Compiled bootstrap-button.js  (0ms)  (pid 2923)
Compiled bootstrap-carousel.js  (0ms)  (pid 2923)
Compiled bootstrap-collapse.js  (0ms)  (pid 2923)
Compiled bootstrap-dropdown.js  (0ms)  (pid 2923)
Compiled bootstrap-modal.js  (14ms)  (pid 2923)
Compiled bootstrap-scrollspy.js  (0ms)  (pid 2923)
Compiled bootstrap-tab.js  (0ms)  (pid 2923)
Compiled bootstrap-tooltip.js  (0ms)  (pid 2923)
Compiled bootstrap-popover.js  (0ms)  (pid 2923)
Compiled bootstrap-typeahead.js  (0ms)  (pid 2923)
Compiled bootstrap.js  (50ms)  (pid 2923)
Compiled cartuchos.js  (66ms)  (pid 2923)
Compiled historials.js  (65ms)  (pid 2923)
Compiled static.js  (66ms)  (pid 2923)
Compiled application.js  (531ms)  (pid 2923)
Compiled jquery.ui.core.css  (0ms)  (pid 2923)
Compiled jquery.ui.theme.css  (5ms)  (pid 2923)
Compiled jquery.ui.accordion.css  (11ms)  (pid 2923)
Compiled jquery.ui.menu.css  (2ms)  (pid 2923)
Compiled jquery.ui.autocomplete.css  (20ms)  (pid 2923)
Compiled jquery.ui.button.css  (3ms)  (pid 2923)
Compiled jquery.ui.datepicker.css  (3ms)  (pid 2923)
Compiled jquery.ui.resizable.css  (2ms)  (pid 2923)
Compiled jquery.ui.dialog.css  (10ms)  (pid 2923)
Compiled jquery.ui.progressbar.css  (2ms)  (pid 2923)
Compiled jquery.ui.selectable.css  (2ms)  (pid 2923)
Compiled jquery.ui.slider.css  (2ms)  (pid 2923)
Compiled jquery.ui.spinner.css  (3ms)  (pid 2923)
Compiled jquery.ui.tabs.css  (2ms)  (pid 2923)
Compiled jquery.ui.tooltip.css  (2ms)  (pid 2923)
Compiled jquery.ui.base.css  (132ms)  (pid 2923)
Compiled jquery.ui.all.css  (137ms)  (pid 2923)
Compiled cartuchos.css  (0ms)  (pid 2923)
Compiled historials.css  (0ms)  (pid 2923)
Compiled scaffolds.css  (6ms)  (pid 2923)
Compiled static.css  (0ms)  (pid 2923)
Compiled application.css  (1560ms)  (pid 2923)
